Nov 20, 2024 1:40:56 PM org.jenkinsci.remoting.engine.WorkDirManager initializeWorkDir
INFO: Using /home/amin/jenkins/remoting as a remoting work directory
Nov 20, 2024 1:40:56 PM org.jenkinsci.remoting.engine.WorkDirManager setupLogging
INFO: Both error and output logs will be printed to /home/amin/jenkins/remoting
Nov 20, 2024 1:40:56 PM hudson.remoting.Launcher createEngine
INFO: Setting up agent: agent1
Nov 20, 2024 1:40:56 PM hudson.remoting.Engine startEngine
INFO: Using Remoting version: 3261.v9c670a_4748a_9
Nov 20, 2024 1:40:56 PM org.jenkinsci.remoting.engine.WorkDirManager initializeWorkDir
INFO: Using /home/amin/jenkins/remoting as a remoting work directory
Nov 20, 2024 1:40:56 PM hudson.remoting.Launcher$CuiListener status
INFO: WebSocket connection open
Nov 20, 2024 1:40:56 PM hudson.remoting.Launcher$CuiListener status
INFO: Connected
Nov 20, 2024 1:41:36 PM org.jenkinsci.remoting.engine.WorkDirManager initializeWorkDir
INFO: Using /home/amin/jenkins/remoting as a remoting work directory
Nov 20, 2024 1:41:36 PM org.jenkinsci.remoting.engine.WorkDirManager setupLogging
INFO: Both error and output logs will be printed to /home/amin/jenkins/remoting
Nov 20, 2024 1:41:36 PM hudson.remoting.Launcher createEngine
INFO: Setting up agent: agent1
Nov 20, 2024 1:41:37 PM hudson.remoting.Engine startEngine
INFO: Using Remoting version: 3261.v9c670a_4748a_9
Nov 20, 2024 1:41:37 PM org.jenkinsci.remoting.engine.WorkDirManager initializeWorkDir
INFO: Using /home/amin/jenkins/remoting as a remoting work directory
Nov 20, 2024 1:41:37 PM hudson.remoting.Launcher$CuiListener status
INFO: WebSocket connection open
Nov 20, 2024 1:41:37 PM hudson.remoting.Launcher$CuiListener status
INFO: Connected
